2024-07-09 16:03:49 WARN  JpaBaseConfiguration$JpaWebConfiguration:236 - spring.jpa.open-in-view is enabled by default. Therefore, database queries may be performed during view rendering. Explicitly configure spring.jpa.open-in-view to disable this warning
2024-07-09 16:06:02 WARN  JpaBaseConfiguration$JpaWebConfiguration:236 - spring.jpa.open-in-view is enabled by default. Therefore, database queries may be performed during view rendering. Explicitly configure spring.jpa.open-in-view to disable this warning
2024-07-09 16:06:22 WARN  JpaBaseConfiguration$JpaWebConfiguration:236 - spring.jpa.open-in-view is enabled by default. Therefore, database queries may be performed during view rendering. Explicitly configure spring.jpa.open-in-view to disable this warning
2024-07-09 16:07:51 INFO  Exercise1Application:50 - Starting Exercise1Application using Java 17.0.10 with PID 48412 (D:\Java\Facenet\demo (2)\demo\target\classes started by Admin in D:\Java\Facenet\demo (2)\demo)
2024-07-09 16:07:51 INFO  Exercise1Application:654 - No active profile set, falling back to 1 default profile: "default"
2024-07-09 16:07:52 INFO  RepositoryConfigurationDelegate:143 - Bootstrapping Spring Data JPA repositories in DEFAULT mode.
2024-07-09 16:07:52 INFO  RepositoryConfigurationDelegate:211 - Finished Spring Data repository scanning in 73 ms. Found 2 JPA repository interfaces.
2024-07-09 16:07:53 INFO  TomcatWebServer:111 - Tomcat initialized with port 8080 (http)
2024-07-09 16:07:53 INFO  Http11NioProtocol:173 - Initializing ProtocolHandler ["http-nio-8080"]
2024-07-09 16:07:53 INFO  StandardService:173 - Starting service [Tomcat]
2024-07-09 16:07:53 INFO  StandardEngine:173 - Starting Servlet engine: [Apache Tomcat/10.1.25]
2024-07-09 16:07:53 INFO  [/]:173 - Initializing Spring embedded WebApplicationContext
2024-07-09 16:07:53 INFO  ServletWebServerApplicationContext:296 - Root WebApplicationContext: initialization completed in 1808 ms
2024-07-09 16:07:53 INFO  LogHelper:31 - HHH000204: Processing PersistenceUnitInfo [name: default]
2024-07-09 16:07:53 INFO  Version:44 - HHH000412: Hibernate ORM core version 6.5.2.Final
2024-07-09 16:07:53 INFO  RegionFactoryInitiator:50 - HHH000026: Second-level cache disabled
2024-07-09 16:07:54 INFO  SpringPersistenceUnitInfo:87 - No LoadTimeWeaver setup: ignoring JPA class transformer
2024-07-09 16:07:54 INFO  HikariDataSource:109 - HikariPool-1 - Starting...
2024-07-09 16:07:54 INFO  HikariPool:554 - HikariPool-1 - Added connection com.mysql.cj.jdbc.ConnectionImpl@45dc7be
2024-07-09 16:07:54 INFO  HikariDataSource:122 - HikariPool-1 - Start completed.
2024-07-09 16:07:56 INFO  JtaPlatformInitiator:59 - HHH000489: No JTA platform available (set 'hibernate.transaction.jta.platform' to enable JTA platform integration)
2024-07-09 16:07:56 INFO  LocalContainerEntityManagerFactoryBean:437 - Initialized JPA EntityManagerFactory for persistence unit 'default'
2024-07-09 16:07:56 INFO  QueryEnhancerFactory:49 - Hibernate is in classpath; If applicable, HQL parser will be used.
2024-07-09 16:07:57 WARN  JpaBaseConfiguration$JpaWebConfiguration:236 - spring.jpa.open-in-view is enabled by default. Therefore, database queries may be performed during view rendering. Explicitly configure spring.jpa.open-in-view to disable this warning
2024-07-09 16:07:57 INFO  Http11NioProtocol:173 - Starting ProtocolHandler ["http-nio-8080"]
2024-07-09 16:07:57 INFO  TomcatWebServer:243 - Tomcat started on port 8080 (http) with context path '/'
2024-07-09 16:07:57 INFO  Exercise1Application:56 - Started Exercise1Application in 6.731 seconds (process running for 8.223)
2024-07-09 16:08:20 INFO  [/]:173 - Initializing Spring DispatcherServlet 'dispatcherServlet'
2024-07-09 16:08:20 INFO  DispatcherServlet:532 - Initializing Servlet 'dispatcherServlet'
2024-07-09 16:08:20 INFO  DispatcherServlet:554 - Completed initialization in 1 ms
2024-07-09 16:08:20 INFO  FuelController:32 - do smt123
2024-07-09 16:12:02 INFO  LocalContainerEntityManagerFactoryBean:650 - Closing JPA EntityManagerFactory for persistence unit 'default'
2024-07-09 16:12:02 INFO  HikariDataSource:349 - HikariPool-1 - Shutdown initiated...
2024-07-09 16:12:02 INFO  HikariDataSource:351 - HikariPool-1 - Shutdown completed.
2024-07-09 16:12:08 INFO  Exercise1Application:50 - Starting Exercise1Application using Java 17.0.10 with PID 46288 (D:\Java\Facenet\demo (2)\demo\target\classes started by Admin in D:\Java\Facenet\demo (2)\demo)
2024-07-09 16:12:08 INFO  Exercise1Application:654 - No active profile set, falling back to 1 default profile: "default"
2024-07-09 16:12:08 INFO  RepositoryConfigurationDelegate:143 - Bootstrapping Spring Data JPA repositories in DEFAULT mode.
2024-07-09 16:12:09 INFO  RepositoryConfigurationDelegate:211 - Finished Spring Data repository scanning in 71 ms. Found 2 JPA repository interfaces.
2024-07-09 16:12:09 INFO  TomcatWebServer:111 - Tomcat initialized with port 8080 (http)
2024-07-09 16:12:09 INFO  Http11NioProtocol:173 - Initializing ProtocolHandler ["http-nio-8080"]
2024-07-09 16:12:09 INFO  StandardService:173 - Starting service [Tomcat]
2024-07-09 16:12:09 INFO  StandardEngine:173 - Starting Servlet engine: [Apache Tomcat/10.1.25]
2024-07-09 16:12:09 INFO  [/]:173 - Initializing Spring embedded WebApplicationContext
2024-07-09 16:12:09 INFO  ServletWebServerApplicationContext:296 - Root WebApplicationContext: initialization completed in 1769 ms
2024-07-09 16:12:10 INFO  LogHelper:31 - HHH000204: Processing PersistenceUnitInfo [name: default]
2024-07-09 16:12:10 INFO  Version:44 - HHH000412: Hibernate ORM core version 6.5.2.Final
2024-07-09 16:12:10 INFO  RegionFactoryInitiator:50 - HHH000026: Second-level cache disabled
2024-07-09 16:12:10 INFO  SpringPersistenceUnitInfo:87 - No LoadTimeWeaver setup: ignoring JPA class transformer
2024-07-09 16:12:10 INFO  HikariDataSource:109 - HikariPool-1 - Starting...
2024-07-09 16:12:11 INFO  HikariPool:554 - HikariPool-1 - Added connection com.mysql.cj.jdbc.ConnectionImpl@2a65e237
2024-07-09 16:12:11 INFO  HikariDataSource:122 - HikariPool-1 - Start completed.
2024-07-09 16:12:12 INFO  JtaPlatformInitiator:59 - HHH000489: No JTA platform available (set 'hibernate.transaction.jta.platform' to enable JTA platform integration)
2024-07-09 16:12:12 INFO  LocalContainerEntityManagerFactoryBean:437 - Initialized JPA EntityManagerFactory for persistence unit 'default'
2024-07-09 16:12:13 INFO  QueryEnhancerFactory:49 - Hibernate is in classpath; If applicable, HQL parser will be used.
2024-07-09 16:12:13 WARN  JpaBaseConfiguration$JpaWebConfiguration:236 - spring.jpa.open-in-view is enabled by default. Therefore, database queries may be performed during view rendering. Explicitly configure spring.jpa.open-in-view to disable this warning
2024-07-09 16:12:14 INFO  Http11NioProtocol:173 - Starting ProtocolHandler ["http-nio-8080"]
2024-07-09 16:12:14 INFO  TomcatWebServer:243 - Tomcat started on port 8080 (http) with context path '/'
2024-07-09 16:12:14 INFO  Exercise1Application:56 - Started Exercise1Application in 6.703 seconds (process running for 8.232)
2024-07-09 16:12:33 INFO  [/]:173 - Initializing Spring DispatcherServlet 'dispatcherServlet'
2024-07-09 16:12:33 INFO  DispatcherServlet:532 - Initializing Servlet 'dispatcherServlet'
2024-07-09 16:12:33 INFO  DispatcherServlet:554 - Completed initialization in 1 ms
2024-07-09 16:12:33 INFO  FuelController:36 - Fuels found
2024-07-09 17:44:16 INFO  LocalContainerEntityManagerFactoryBean:650 - Closing JPA EntityManagerFactory for persistence unit 'default'
2024-07-09 17:44:16 INFO  HikariDataSource:349 - HikariPool-1 - Shutdown initiated...
2024-07-09 17:44:16 INFO  HikariDataSource:351 - HikariPool-1 - Shutdown completed.
